# JRE version: OpenJDK Runtime Environment (17.0.10) (build 17.0.10+0--11609105)
# Java VM: OpenJDK 64-Bit Server VM (17.0.10+0--11609105, mixed mode, tiered, compressed oops, compressed class ptrs, g1 gc, windows-amd64)
GC Precious Log:
 CPUs: 8 total, 8 available
 Memory: 16228M
 Large Page Support: Disabled
 NUMA Support: Disabled
 Compressed Oops: Enabled (32-bit)
 Heap Region Size: 1M
 Heap Min Capacity: 8M
 Heap Initial Capacity: 254M
 Heap Max Capacity: 2G
 Pre-touch: Disabled
 Parallel Workers: 8
 Concurrent Workers: 2
 Concurrent Refinement Workers: 8
 Periodic GC: Disabled
Heap:
 garbage-first heap   total 393216K, used 150608K [0x0000000080000000, 0x0000000100000000)
  region size 1024K, 6 young (6144K), 6 survivors (6144K)
 Metaspace       used 152988K, committed 154240K, reserved 1245184K
  class space    used 20700K, committed 21312K, reserved 1048576K
GC Heap History (20 events):
Event: 290.695 GC heap after
{Heap after GC invocations=48 (full 0):
 garbage-first heap   total 393216K, used 121845K [0x0000000080000000, 0x0000000100000000)
  region size 1024K, 3 young (3072K), 3 survivors (3072K)
 Metaspace       used 130986K, committed 132096K, reserved 1179648K
  class space    used 18337K, committed 18880K, reserved 1048576K
}
Event: 295.363 GC heap before
{Heap before GC invocations=48 (full 0):
 garbage-first heap   total 393216K, used 308213K [0x0000000080000000, 0x0000000100000000)
  region size 1024K, 186 young (190464K), 3 survivors (3072K)
 Metaspace       used 134537K, committed 135680K, reserved 1179648K
  class space    used 18699K, committed 19264K, reserved 1048576K
}
Event: 295.376 GC heap after
{Heap after GC invocations=49 (full 0):
 garbage-first heap   total 393216K, used 135859K [0x0000000080000000, 0x0000000100000000)
  region size 1024K, 16 young (16384K), 16 survivors (16384K)
 Metaspace       used 134537K, committed 135680K, reserved 1179648K
  class space    used 18699K, committed 19264K, reserved 1048576K
}
Event: 1462.642 GC heap before
{Heap before GC invocations=50 (full 0):
 garbage-first heap   total 393216K, used 334515K [0x0000000080000000, 0x0000000100000000)
  region size 1024K, 188 young (192512K), 16 survivors (16384K)
 Metaspace       used 135114K, committed 136256K, reserved 1179648K
  class space    used 18743K, committed 19328K, reserved 1048576K
}
Event: 1462.654 GC heap after
{Heap after GC invocations=51 (full 0):
 garbage-first heap   total 393216K, used 133809K [0x0000000080000000, 0x0000000100000000)
  region size 1024K, 3 young (3072K), 3 survivors (3072K)
 Metaspace       used 135114K, committed 136256K, reserved 1179648K
  class space    used 18743K, committed 19328K, reserved 1048576K
}
Event: 1462.815 GC heap before
{Heap before GC invocations=51 (full 0):
 garbage-first heap   total 393216K, used 149169K [0x0000000080000000, 0x0000000100000000)
  region size 1024K, 19 young (19456K), 3 survivors (3072K)
 Metaspace       used 135141K, committed 136256K, reserved 1179648K
  class space    used 18743K, committed 19328K, reserved 1048576K
}
Event: 1462.824 GC heap after
{Heap after GC invocations=52 (full 0):
 garbage-first heap   total 393216K, used 130048K [0x0000000080000000, 0x0000000100000000)
  region size 1024K, 3 young (3072K), 3 survivors (3072K)
 Metaspace       used 135141K, committed 136256K, reserved 1179648K
  class space    used 18743K, committed 19328K, reserved 1048576K
}
Event: 1621.097 GC heap before
{Heap before GC invocations=52 (full 0):
 garbage-first heap   total 393216K, used 307200K [0x0000000080000000, 0x0000000100000000)
  region size 1024K, 178 young (182272K), 3 survivors (3072K)
 Metaspace       used 135814K, committed 136960K, reserved 1179648K
  class space    used 18775K, committed 19328K, reserved 1048576K
}
Event: 1621.117 GC heap after
{Heap after GC invocations=53 (full 0):
 garbage-first heap   total 393216K, used 148712K [0x0000000080000000, 0x0000000100000000)
  region size 1024K, 22 young (22528K), 22 survivors (22528K)
 Metaspace       used 135814K, committed 136960K, reserved 1179648K
  class space    used 18775K, committed 19328K, reserved 1048576K
}
Event: 1623.093 GC heap before
{Heap before GC invocations=54 (full 0):
 garbage-first heap   total 393216K, used 351464K [0x0000000080000000, 0x0000000100000000)
  region size 1024K, 183 young (187392K), 22 survivors (22528K)
 Metaspace       used 140975K, committed 142208K, reserved 1179648K
  class space    used 19358K, committed 19968K, reserved 1048576K
}
Event: 1623.114 GC heap after
{Heap after GC invocations=55 (full 0):
 garbage-first heap   total 393216K, used 154081K [0x0000000080000000, 0x0000000100000000)
  region size 1024K, 6 young (6144K), 6 survivors (6144K)
 Metaspace       used 140975K, committed 142208K, reserved 1179648K
  class space    used 19358K, committed 19968K, reserved 1048576K
}
Event: 1623.249 GC heap before
{Heap before GC invocations=55 (full 0):
 garbage-first heap   total 393216K, used 166369K [0x0000000080000000, 0x0000000100000000)
  region size 1024K, 19 young (19456K), 6 survivors (6144K)
 Metaspace       used 141454K, committed 142656K, reserved 1179648K
  class space    used 19428K, committed 20032K, reserved 1048576K
}
Event: 1623.261 GC heap after
{Heap after GC invocations=56 (full 0):
 garbage-first heap   total 393216K, used 152528K [0x0000000080000000, 0x0000000100000000)
  region size 1024K, 3 young (3072K), 3 survivors (3072K)
 Metaspace       used 141454K, committed 142656K, reserved 1179648K
  class space    used 19428K, committed 20032K, reserved 1048576K
}
Event: 1625.064 GC heap before
{Heap before GC invocations=56 (full 0):
 garbage-first heap   total 393216K, used 211920K [0x0000000080000000, 0x0000000100000000)
  region size 1024K, 63 young (64512K), 3 survivors (3072K)
 Metaspace       used 142264K, committed 143552K, reserved 1179648K
  class space    used 19515K, committed 20160K, reserved 1048576K
}
Event: 1625.070 GC heap after
{Heap after GC invocations=57 (full 0):
 garbage-first heap   total 393216K, used 152858K [0x0000000080000000, 0x0000000100000000)
  region size 1024K, 3 young (3072K), 3 survivors (3072K)
 Metaspace       used 142264K, committed 143552K, reserved 1179648K
  class space    used 19515K, committed 20160K, reserved 1048576K
}
Event: 1638.199 GC heap before
{Heap before GC invocations=58 (full 0):
 garbage-first heap   total 393216K, used 321818K [0x0000000080000000, 0x0000000100000000)
  region size 1024K, 169 young (173056K), 3 survivors (3072K)
 Metaspace       used 146377K, committed 147648K, reserved 1179648K
  class space    used 19858K, committed 20480K, reserved 1048576K
}
Event: 1638.213 GC heap after
{Heap after GC invocations=59 (full 0):
 garbage-first heap   total 393216K, used 160206K [0x0000000080000000, 0x0000000100000000)
  region size 1024K, 13 young (13312K), 13 survivors (13312K)
 Metaspace       used 146377K, committed 147648K, reserved 1179648K
  class space    used 19858K, committed 20480K, reserved 1048576K
}
Event: 1638.298 GC heap before
{Heap before GC invocations=59 (full 0):
 garbage-first heap   total 393216K, used 166350K [0x0000000080000000, 0x0000000100000000)
  region size 1024K, 19 young (19456K), 13 survivors (13312K)
 Metaspace       used 146487K, committed 147776K, reserved 1179648K
  class space    used 19876K, committed 20480K, reserved 1048576K
}
Event: 1638.318 GC heap after
{Heap after GC invocations=60 (full 0):
 garbage-first heap   total 393216K, used 147345K [0x0000000080000000, 0x0000000100000000)
  region size 1024K, 3 young (3072K), 3 survivors (3072K)
 Metaspace       used 146487K, committed 147776K, reserved 1179648K
  class space    used 19876K, committed 20480K, reserved 1048576K
}
Event: 1639.052 GC heap before
{Heap before GC invocations=60 (full 0):
 garbage-first heap   total 393216K, used 183185K [0x0000000080000000, 0x0000000100000000)
  region size 1024K, 40 young (40960K), 3 survivors (3072K)
 Metaspace       used 152988K, committed 154240K, reserved 1245184K
  class space    used 20700K, committed 21312K, reserved 1048576K
}

